Build started 16.04.2015 21:17:10.
     1>Project "F:\Study\2 - BSUIR\Заочное\2 курс\ВСРПП\Прокопенко_К.Д.З_1\Прокопенко_К.Д.З_1\Прокопенко_К.Д.З_1.vcxproj" on node 2 (Build target(s)).
     1>ClCompile:
         C:\Program Files (x86)\Microsoft Visual Studio 12.0\VC\bin\CL.exe /c /ZI /nologo /W3 /WX- /sdl /Od /Oy- /D WIN32 /D _WINDOWS /D _DEBUG /D _UNICODE /D UNICODE /D _AFXDLL /Gm /EHsc /RTC1 /MDd /GS /fp:precise /Zc:wchar_t /Zc:forScope /Yc"stdafx.h" /Fp"Debug\Прокопенко_К.Д.З_1.pch" /Fo"Debug\\" /Fd"Debug\vc120.pdb" /Gd /TP /analyze- /errorReport:prompt stdafx.cpp
         stdafx.cpp
         C:\Program Files (x86)\Microsoft Visual Studio 12.0\VC\bin\CL.exe /c /ZI /nologo /W3 /WX- /sdl /Od /Oy- /D WIN32 /D _WINDOWS /D _DEBUG /D _UNICODE /D UNICODE /D _AFXDLL /Gm /EHsc /RTC1 /MDd /GS /fp:precise /Zc:wchar_t /Zc:forScope /Yu"stdafx.h" /Fp"Debug\Прокопенко_К.Д.З_1.pch" /Fo"Debug\\" /Fd"Debug\vc120.pdb" /Gd /TP /analyze- /errorReport:prompt MainFrm.cpp "Прокопенко_К.Д.З_1.cpp" "Прокопенко_К.Д.З_1Doc.cpp" "Прокопенко_К.Д.З_1View.cpp"
         Прокопенко_К.Д.З_1View.cpp
         Прокопенко_К.Д.З_1Doc.cpp
         Прокопенко_К.Д.З_1.cpp
         MainFrm.cpp
         Generating Code...
       ResourceCompile:
         C:\Program Files (x86)\Windows Kits\8.1\bin\x86\rc.exe /D _DEBUG /D _UNICODE /D UNICODE /D _AFXDLL /l"0x0419" /IDebug\ /nologo /fo"Debug\Прокопенко_К.Д.З_1.res" "Прокопенко_К.Д.З_1.rc" 
       Link:
         C:\Program Files (x86)\Microsoft Visual Studio 12.0\VC\bin\link.exe /ERRORREPORT:PROMPT /OUT:"F:\Study\2 - BSUIR\Заочное\2 курс\ВСРПП\Прокопенко_К.Д.З_1\Debug\Прокопенко_К.Д.З_1.exe" /INCREMENTAL /NOLOGO /MANIFEST /MANIFESTUAC:"level='asInvoker' uiAccess='false'" /manifest:embed /manifestinput:"C:\Program Files (x86)\Microsoft Visual Studio 12.0\VC\Include\Manifest\dpiaware.manifest" /DEBUG /PDB:"F:\Study\2 - BSUIR\Заочное\2 курс\ВСРПП\Прокопенко_К.Д.З_1\Debug\Прокопенко_К.Д.З_1.pdb" /SUBSYSTEM:WINDOWS /TLBID:1 /ENTRY:"wWinMainCRTStartup" /DYNAMICBASE /NXCOMPAT /IMPLIB:"F:\Study\2 - BSUIR\Заочное\2 курс\ВСРПП\Прокопенко_К.Д.З_1\Debug\Прокопенко_К.Д.З_1.lib" /MACHINE:X86 "Debug\Прокопенко_К.Д.З_1.res"
         Debug\MainFrm.obj
         Debug\stdafx.obj
         "Debug\Прокопенко_К.Д.З_1.obj"
         "Debug\Прокопенко_К.Д.З_1Doc.obj"
         "Debug\Прокопенко_К.Д.З_1View.obj"
         Прокопенко_К.Д.З_1.vcxproj -> F:\Study\2 - BSUIR\Заочное\2 курс\ВСРПП\Прокопенко_К.Д.З_1\Debug\Прокопенко_К.Д.З_1.exe
     1>Done Building Project "F:\Study\2 - BSUIR\Заочное\2 курс\ВСРПП\Прокопенко_К.Д.З_1\Прокопенко_К.Д.З_1\Прокопенко_К.Д.З_1.vcxproj" (Build target(s)).

Build succeeded.

Time Elapsed 00:00:06.01
